{"/home/bosshentai/Documents/udemy/unitTest/src/app/doubles/OtherUtils.ts": {"path":"/home/bosshentai/Documents/udemy/unitTest/src/app/doubles/OtherUtils.ts","statementMap":{"0":{"start":{"line":13,"column":2},"end":{"line":13,"column":70}},"1":{"start":{"line":12,"column":0},"end":{"line":12,"column":16}},"2":{"start":{"line":20,"column":2},"end":{"line":23,"column":null}},"3":{"start":{"line":21,"column":4},"end":{"line":21,"column":34}},"4":{"start":{"line":22,"column":4},"end":{"line":22,"column":11}},"5":{"start":{"line":25,"column":2},"end":{"line":25,"column":42}},"6":{"start":{"line":26,"column":2},"end":{"line":26,"column":27}},"7":{"start":{"line":16,"column":0},"end":{"line":16,"column":16}}},"fnMap":{"0":{"name":"calculateComplexity","decl":{"start":{"line":12,"column":16},"end":{"line":12,"column":35}},"loc":{"start":{"line":12,"column":58},"end":{"line":14,"column":1}}},"1":{"name":"toUpperCaseWithCallback","decl":{"start":{"line":16,"column":16},"end":{"line":16,"column":39}},"loc":{"start":{"line":18,"column":33},"end":{"line":27,"column":1}}}},"branchMap":{"0":{"loc":{"start":{"line":20,"column":2},"end":{"line":23,"column":null}},"type":"if","locations":[{"start":{"line":20,"column":2},"end":{"line":23,"column":null}}]}},"s":{"0":1,"1":1,"2":6,"3":3,"4":3,"5":3,"6":3,"7":1},"f":{"0":1,"1":6},"b":{"0":[3]}}
}
